<?xml version="1.0" encoding="UTF-8"?>
<!-- Generated by org.testng.reporters.JUnitReportReporter -->
<testsuite hostname="MyHp" failures="0" tests="18" name="test.TestCarInsurancePage" time="8.874" errors="0" timestamp="2022-07-09T21:36:16 IST" skipped="0">
  <testcase classname="test.TestCarInsurancePage" name="testCarInsuranceIcon" time="1.683"/>
  <system-out/>
  <testcase classname="test.TestCarInsurancePage" name="testProceedButton" time="1.005"/>
  <system-out/>
  <testcase classname="test.TestCarInsurancePage" name="testCityIcon" time="0.190"/>
  <system-out/>
  <testcase classname="test.TestCarInsurancePage" name="testCityDistrictCode" time="0.120"/>
  <system-out/>
  <testcase classname="test.TestCarInsurancePage" name="testCarIcons" time="0.833"/>
  <system-out/>
  <testcase classname="test.TestCarInsurancePage" name="testCarModelIcons" time="0.346"/>
  <system-out/>
  <testcase classname="test.TestCarInsurancePage" name="testSelectCarFuelType" time="0.428"/>
  <system-out/>
  <testcase classname="test.TestCarInsurancePage" name="testForAutomaticVariant" time="0.329"/>
  <system-out/>
  <testcase classname="test.TestCarInsurancePage" name="testForAllVariant" time="0.076"/>
  <system-out/>
  <testcase classname="test.TestCarInsurancePage" name="testForManualVariant" time="0.083"/>
  <system-out/>
  <testcase classname="test.TestCarInsurancePage" name="testSelectCarVariant" time="0.079"/>
  <system-out/>
  <testcase classname="test.TestCarInsurancePage" name="testSelectAnyYear" time="0.293"/>
  <system-out/>
  <testcase classname="test.TestCarInsurancePage" name="testWriteInvalidFullName" time="0.381"/>
  <system-out/>
  <testcase classname="test.TestCarInsurancePage" name="testWriteInvalidEmail" time="0.252"/>
  <system-out/>
  <testcase classname="test.TestCarInsurancePage" name="testWriteInvalidPhoneNumber" time="0.157"/>
  <system-out/>
  <testcase classname="test.TestCarInsurancePage" name="testViewPriceInvalidDetails" time="0.102"/>
  <system-out/>
  <testcase classname="test.TestCarInsurancePage" name="testGetEmailErrorMessage" time="0.036"/>
  <system-out/>
  <testcase classname="test.TestCarInsurancePage" name="testValidDetails" time="2.481"/>
  <system-out/>
</testsuite> <!-- test.TestCarInsurancePage -->
