<?xml version="1.0" encoding="UTF-8"?>
<!-- Generated by org.testng.reporters.JUnitReportReporter -->
<testsuite hostname="DESKTOP-PFNGT10" failures="0" tests="2" name="test.TestTravelInsurancePage" time="3.608" errors="0" timestamp="2022-07-08T11:33:58 IST" skipped="0">
  <testcase classname="test.TestTravelInsurancePage" name="openPage" time="2.473"/>
  <system-out/>
  <testcase classname="test.TestTravelInsurancePage" name="clickTravelInsurance" time="1.135"/>
  <system-out/>
</testsuite> <!-- test.TestTravelInsurancePage -->
