<?xml version="1.0" encoding="UTF-8"?>
<!-- Generated by org.testng.reporters.JUnitReportReporter -->
<testsuite hostname="DESKTOP-PFNGT10" failures="0" tests="16" name="test.TestTravelInsurancePage" time="19.069" errors="0" timestamp="2022-07-09T16:19:44 IST" skipped="0">
  <testcase classname="test.TestTravelInsurancePage" name="openPage" time="1.948"/>
  <system-out/>
  <testcase classname="test.TestTravelInsurancePage" name="clickTravelInsurance" time="1.987"/>
  <system-out/>
  <testcase classname="test.TestTravelInsurancePage" name="enterRightDestination" time="0.119"/>
  <system-out/>
  <testcase classname="test.TestTravelInsurancePage" name="selectRightDestination" time="0.248"/>
  <system-out/>
  <testcase classname="test.TestTravelInsurancePage" name="enterWrongDestination" time="0.170"/>
  <system-out/>
  <testcase classname="test.TestTravelInsurancePage" name="selectWrongDestination" time="10.061"/>
  <system-out/>
  <testcase classname="test.TestTravelInsurancePage" name="enterDigitsDestination" time="0.181"/>
  <system-out/>
  <testcase classname="test.TestTravelInsurancePage" name="enterEmptyDestination" time="0.052"/>
  <system-out/>
  <testcase classname="test.TestTravelInsurancePage" name="openTravelDurationPage" time="0.338"/>
  <system-out/>
  <testcase classname="test.TestTravelInsurancePage" name="setDuration" time="0.570"/>
  <system-out/>
  <testcase classname="test.TestTravelInsurancePage" name="openTravellerPage" time="0.750"/>
  <system-out/>
  <testcase classname="test.TestTravelInsurancePage" name="openMedicalPage" time="0.120"/>
  <system-out/>
  <testcase classname="test.TestTravelInsurancePage" name="openContactPage" time="0.448"/>
  <system-out/>
  <testcase classname="test.TestTravelInsurancePage" name="viewPlanNoContact" time="0.226"/>
  <system-out/>
  <testcase classname="test.TestTravelInsurancePage" name="viewPlanPage" time="0.256"/>
  <system-out/>
  <testcase classname="test.TestTravelInsurancePage" name="applyFilter" time="1.595"/>
  <system-out/>
</testsuite> <!-- test.TestTravelInsurancePage -->
