<?xml version="1.0" encoding="UTF-8"?>
<!-- Generated by org.testng.reporters.JUnitReportReporter -->
<testsuite hostname="DESKTOP-PFNGT10" failures="0" tests="9" name="test.TestTravelInsurancePage" time="3.497" errors="0" timestamp="2022-07-08T20:18:58 IST" skipped="0">
  <testcase classname="test.TestTravelInsurancePage" name="openPage" time="1.484"/>
  <system-out/>
  <testcase classname="test.TestTravelInsurancePage" name="clickTravelInsurance" time="1.160"/>
  <system-out/>
  <testcase classname="test.TestTravelInsurancePage" name="enterRightDestination" time="0.101"/>
  <system-out/>
  <testcase classname="test.TestTravelInsurancePage" name="selectRightDestination" time="0.187"/>
  <system-out/>
  <testcase classname="test.TestTravelInsurancePage" name="enterWrongDestination" time="0.122"/>
  <system-out/>
  <testcase classname="test.TestTravelInsurancePage" name="selectWrongDestination" time="0.065"/>
  <system-out/>
  <testcase classname="test.TestTravelInsurancePage" name="enterDigitsDestination" time="0.111"/>
  <system-out/>
  <testcase classname="test.TestTravelInsurancePage" name="enterEmptyDestination" time="0.034"/>
  <system-out/>
  <testcase classname="test.TestTravelInsurancePage" name="openTravelDurationTab" time="0.233"/>
  <system-out/>
</testsuite> <!-- test.TestTravelInsurancePage -->
