<?xml version="1.0" encoding="UTF-8"?>
<!-- Generated by org.testng.reporters.JUnitReportReporter -->
<testsuite hostname="DESKTOP-PFNGT10" failures="0" tests="19" name="test.TestTravelInsurancePage" time="14.680" errors="0" timestamp="2022-07-10T20:27:23 IST" skipped="0">
  <testcase classname="test.TestTravelInsurancePage" name="clickTravelInsurance" time="0.160"/>
  <system-out/>
  <testcase classname="test.TestTravelInsurancePage" name="enterRightDestination" time="2.901"/>
  <system-out/>
  <testcase classname="test.TestTravelInsurancePage" name="selectRightDestination" time="0.207"/>
  <system-out/>
  <testcase classname="test.TestTravelInsurancePage" name="enterWrongDestination" time="0.184"/>
  <system-out/>
  <testcase classname="test.TestTravelInsurancePage" name="selectWrongDestination" time="5.084"/>
  <system-out/>
  <testcase classname="test.TestTravelInsurancePage" name="enterDigitsDestination" time="0.114"/>
  <system-out/>
  <testcase classname="test.TestTravelInsurancePage" name="enterEmptyDestination" time="0.042"/>
  <system-out/>
  <testcase classname="test.TestTravelInsurancePage" name="openTravelDurationPage" time="0.270"/>
  <system-out/>
  <testcase classname="test.TestTravelInsurancePage" name="setDuration" time="0.506"/>
  <system-out/>
  <testcase classname="test.TestTravelInsurancePage" name="openTravellerPage" time="0.689"/>
  <system-out/>
  <testcase classname="test.TestTravelInsurancePage" name="openMedicalPage" time="0.086"/>
  <system-out/>
  <testcase classname="test.TestTravelInsurancePage" name="openContactPage" time="0.532"/>
  <system-out/>
  <testcase classname="test.TestTravelInsurancePage" name="viewPlanNoContact" time="0.180"/>
  <system-out/>
  <testcase classname="test.TestTravelInsurancePage" name="viewPlanPage" time="0.205"/>
  <system-out/>
  <testcase classname="test.TestTravelInsurancePage" name="applyFilter" time="2.295"/>
  <system-out/>
  <testcase classname="test.TestTravelInsurancePage" name="applySort" time="0.642"/>
  <system-out/>
  <testcase classname="test.TestTravelInsurancePage" name="getCardName" time="0.298"/>
  <system-out/>
  <testcase classname="test.TestTravelInsurancePage" name="getCardPrice" time="0.284"/>
  <system-out/>
  <testcase classname="test.TestTravelInsurancePage" name="getInfo" time="0.001"/>
  <system-out/>
</testsuite> <!-- test.TestTravelInsurancePage -->
