<?xml version="1.0" encoding="UTF-8"?>
<!-- Generated by org.testng.reporters.JUnitReportReporter -->
<testsuite hostname="DESKTOP-PFNGT10" failures="0" tests="21" name="test.TestTravelInsurancePage" time="17.580" errors="0" timestamp="2022-07-10T10:43:19 IST" skipped="0">
  <testcase classname="test.TestTravelInsurancePage" name="openPage" time="2.223"/>
  <system-out/>
  <testcase classname="test.TestTravelInsurancePage" name="clickTravelInsurance" time="0.090"/>
  <system-out/>
  <testcase classname="test.TestTravelInsurancePage" name="enterRightDestination" time="0.952"/>
  <system-out/>
  <testcase classname="test.TestTravelInsurancePage" name="selectRightDestination" time="0.213"/>
  <system-out/>
  <testcase classname="test.TestTravelInsurancePage" name="enterWrongDestination" time="0.114"/>
  <system-out/>
  <testcase classname="test.TestTravelInsurancePage" name="selectWrongDestination" time="5.066"/>
  <system-out/>
  <testcase classname="test.TestTravelInsurancePage" name="enterDigitsDestination" time="0.140"/>
  <system-out/>
  <testcase classname="test.TestTravelInsurancePage" name="enterEmptyDestination" time="0.038"/>
  <system-out/>
  <testcase classname="test.TestTravelInsurancePage" name="openTravelDurationPage" time="0.257"/>
  <system-out/>
  <testcase classname="test.TestTravelInsurancePage" name="setDuration" time="0.496"/>
  <system-out/>
  <testcase classname="test.TestTravelInsurancePage" name="openTravellerPage" time="0.710"/>
  <system-out/>
  <testcase classname="test.TestTravelInsurancePage" name="openMedicalPage" time="0.083"/>
  <system-out/>
  <testcase classname="test.TestTravelInsurancePage" name="openContactPage" time="0.350"/>
  <system-out/>
  <testcase classname="test.TestTravelInsurancePage" name="viewPlanNoContact" time="0.184"/>
  <system-out/>
  <testcase classname="test.TestTravelInsurancePage" name="viewPlanPage" time="0.212"/>
  <system-out/>
  <testcase classname="test.TestTravelInsurancePage" name="applyFilter" time="1.410"/>
  <system-out/>
  <testcase classname="test.TestTravelInsurancePage" name="applySort" time="0.366"/>
  <system-out/>
  <testcase classname="test.TestTravelInsurancePage" name="getCardName" time="0.263"/>
  <system-out/>
  <testcase classname="test.TestTravelInsurancePage" name="getCardPrice" time="0.282"/>
  <system-out/>
  <testcase classname="test.TestTravelInsurancePage" name="getInfo" time="0.001"/>
  <system-out/>
  <testcase classname="test.TestTravelInsurancePage" name="tearDown" time="4.130"/>
  <system-out/>
</testsuite> <!-- test.TestTravelInsurancePage -->
