<?xml version="1.0" encoding="UTF-8"?>
<!-- Generated by org.testng.reporters.JUnitReportReporter -->
<testsuite hostname="DESKTOP-PFNGT10" failures="0" tests="18" name="test.TestCarInsurancePage" time="7.947" errors="0" timestamp="2022-07-10T20:27:22 IST" skipped="0">
  <testcase classname="test.TestCarInsurancePage" name="testCarInsuranceIcon" time="1.148"/>
  <system-out/>
  <testcase classname="test.TestCarInsurancePage" name="testProceedButton" time="1.191"/>
  <system-out/>
  <testcase classname="test.TestCarInsurancePage" name="testCityIcon" time="0.272"/>
  <system-out/>
  <testcase classname="test.TestCarInsurancePage" name="testCityDistrictCode" time="0.105"/>
  <system-out/>
  <testcase classname="test.TestCarInsurancePage" name="testCarIcons" time="0.579"/>
  <system-out/>
  <testcase classname="test.TestCarInsurancePage" name="testCarModelIcons" time="0.314"/>
  <system-out/>
  <testcase classname="test.TestCarInsurancePage" name="testSelectCarFuelType" time="0.395"/>
  <system-out/>
  <testcase classname="test.TestCarInsurancePage" name="testForAutomaticVariant" time="0.296"/>
  <system-out/>
  <testcase classname="test.TestCarInsurancePage" name="testForAllVariant" time="0.061"/>
  <system-out/>
  <testcase classname="test.TestCarInsurancePage" name="testForManualVariant" time="0.060"/>
  <system-out/>
  <testcase classname="test.TestCarInsurancePage" name="testSelectCarVariant" time="0.056"/>
  <system-out/>
  <testcase classname="test.TestCarInsurancePage" name="testSelectAnyYear" time="0.284"/>
  <system-out/>
  <testcase classname="test.TestCarInsurancePage" name="testWriteInvalidFullName" time="0.326"/>
  <system-out/>
  <testcase classname="test.TestCarInsurancePage" name="testWriteInvalidEmail" time="0.106"/>
  <system-out/>
  <testcase classname="test.TestCarInsurancePage" name="testWriteInvalidPhoneNumber" time="0.144"/>
  <system-out/>
  <testcase classname="test.TestCarInsurancePage" name="testViewPriceInvalidDetails" time="0.099"/>
  <system-out/>
  <testcase classname="test.TestCarInsurancePage" name="testGetEmailErrorMessage" time="0.030"/>
  <system-out/>
  <testcase classname="test.TestCarInsurancePage" name="testValidDetails" time="2.481"/>
  <system-out/>
</testsuite> <!-- test.TestCarInsurancePage -->
